<?xml version="1.0" encoding="UTF-8"?>
<!-- Generated by org.testng.reporters.JUnitReportReporter -->
<testsuite hostname="IN-PPM109253" failures="0" tests="1" name="testCases.TC002_LoginTest" time="1.574" errors="0" timestamp="2025-06-19T21:01:58 IST" skipped="0">
  <testcase classname="testCases.TC002_LoginTest" name="verify_login" time="1.574"/>
</testsuite> <!-- testCases.TC002_LoginTest -->
