<?xml version="1.0" encoding="UTF-8"?>
<!-- Generated by org.testng.reporters.JUnitReportReporter -->
<testsuite hostname="IN-PPM109253" failures="0" tests="1" name="testCases.TC003_AddToCart" time="1.002" errors="0" timestamp="2025-06-30T22:07:46 IST" skipped="0">
  <testcase classname="testCases.TC003_AddToCart" name="AddCart" time="1.002"/>
</testsuite> <!-- testCases.TC003_AddToCart -->
