<?xml version="1.0" encoding="UTF-8"?>
<!-- Generated by org.testng.reporters.JUnitReportReporter -->
<testsuite hostname="IN-PPM109253" failures="0" tests="1" name="testCases.TC002_LoginTest" time="1.534" errors="0" timestamp="2025-06-30T22:07:46 IST" skipped="0">
  <testcase classname="testCases.TC002_LoginTest" name="verify_login" time="1.534"/>
</testsuite> <!-- testCases.TC002_LoginTest -->
