<?xml version="1.0" encoding="UTF-8"?>
<!-- Generated by org.testng.reporters.JUnitReportReporter -->
<testsuite hostname="IN-PPM109253" failures="0" tests="1" name="testCases.TC001_AccountRegistrationTest" time="2.307" errors="0" timestamp="2025-06-19T20:48:49 IST" skipped="0">
  <testcase classname="testCases.TC001_AccountRegistrationTest" name="verify_registration" time="2.307"/>
</testsuite> <!-- testCases.TC001_AccountRegistrationTest -->
