<?xml version="1.0" encoding="UTF-8"?>
<!-- Generated by org.testng.reporters.JUnitReportReporter -->
<testsuite hostname="IN-PPM109253" failures="0" tests="1" name="testCases.TC002_LoginTest" time="1.726" errors="0" timestamp="2025-06-10T19:37:36 IST" skipped="0">
  <testcase classname="testCases.TC002_LoginTest" name="verify_login" time="1.726"/>
</testsuite> <!-- testCases.TC002_LoginTest -->
